This is pdfTeX, Version 3.14159265-2.6-1.40.21 (TeX Live 2020) (preloaded format=pdflatex 2020.5.13)  7 MAR 2021 00:23
entering extended mode
 restricted \write18 enabled.
 %&-line parsing enabled.
**../../../thesis.tex
(../../../thesis.tex
LaTeX2e <2020-02-02> patch level 5
L3 programming layer <2020-03-06>
(/usr/local/texlive/2020/texmf-dist/tex/latex/base/article.cls
Document Class: article 2019/12/20 v1.4l Standard LaTeX document class
(/usr/local/texlive/2020/texmf-dist/tex/latex/base/size10.clo
File: size10.clo 2019/12/20 v1.4l Standard LaTeX file (size option)
)
\c@part=\count167
\c@section=\count168
\c@subsection=\count169
\c@subsubsection=\count170
\c@paragraph=\count171
\c@subparagraph=\count172
\c@figure=\count173
\c@table=\count174
\abovecaptionskip=\skip47
\belowcaptionskip=\skip48
\bibindent=\dimen134
)
(/usr/local/texlive/2020/texmf-dist/tex/latex/amsmath/amsmath.sty
Package: amsmath 2020/01/20 v2.17e AMS math features
\@mathmargin=\skip49

For additional information on amsmath, use the `?' option.
(/usr/local/texlive/2020/texmf-dist/tex/latex/amsmath/amstext.sty
Package: amstext 2000/06/29 v2.01 AMS text

(/usr/local/texlive/2020/texmf-dist/tex/latex/amsmath/amsgen.sty
File: amsgen.sty 1999/11/30 v2.0 generic functions
\@emptytoks=\toks15
\ex@=\dimen135
))
(/usr/local/texlive/2020/texmf-dist/tex/latex/amsmath/amsbsy.sty
Package: amsbsy 1999/11/29 v1.2d Bold Symbols
\pmbraise@=\dimen136
)
(/usr/local/texlive/2020/texmf-dist/tex/latex/amsmath/amsopn.sty
Package: amsopn 2016/03/08 v2.02 operator names
)
\inf@bad=\count175
LaTeX Info: Redefining \frac on input line 227.
\uproot@=\count176
\leftroot@=\count177
LaTeX Info: Redefining \overline on input line 389.
\classnum@=\count178
\DOTSCASE@=\count179
LaTeX Info: Redefining \ldots on input line 486.
LaTeX Info: Redefining \dots on input line 489.
LaTeX Info: Redefining \cdots on input line 610.
\Mathstrutbox@=\box45
\strutbox@=\box46
\big@size=\dimen137
LaTeX Font Info:    Redeclaring font encoding OML on input line 733.
LaTeX Font Info:    Redeclaring font encoding OMS on input line 734.
\macc@depth=\count180
\c@MaxMatrixCols=\count181
\dotsspace@=\muskip16
\c@parentequation=\count182
\dspbrk@lvl=\count183
\tag@help=\toks16
\row@=\count184
\column@=\count185
\maxfields@=\count186
\andhelp@=\toks17
\eqnshift@=\dimen138
\alignsep@=\dimen139
\tagshift@=\dimen140
\tagwidth@=\dimen141
\totwidth@=\dimen142
\lineht@=\dimen143
\@envbody=\toks18
\multlinegap=\skip50
\multlinetaggap=\skip51
\mathdisplay@stack=\toks19
LaTeX Info: Redefining \[ on input line 2859.
LaTeX Info: Redefining \] on input line 2860.
)
(/usr/local/texlive/2020/texmf-dist/tex/latex/amsfonts/amssymb.sty
Package: amssymb 2013/01/14 v3.01 AMS font symbols

(/usr/local/texlive/2020/texmf-dist/tex/latex/amsfonts/amsfonts.sty
Package: amsfonts 2013/01/14 v3.01 Basic AMSFonts support
\symAMSa=\mathgroup4
\symAMSb=\mathgroup5
LaTeX Font Info:    Redeclaring math symbol \hbar on input line 98.
LaTeX Font Info:    Overwriting math alphabet `\mathfrak' in version `bold'
(Font)                  U/euf/m/n --> U/euf/b/n on input line 106.
))
(/usr/local/texlive/2020/texmf-dist/tex/latex/lm/lmodern.sty
Package: lmodern 2009/10/30 v1.6 Latin Modern Fonts
LaTeX Font Info:    Overwriting symbol font `operators' in version `normal'
(Font)                  OT1/cmr/m/n --> OT1/lmr/m/n on input line 22.
LaTeX Font Info:    Overwriting symbol font `letters' in version `normal'
(Font)                  OML/cmm/m/it --> OML/lmm/m/it on input line 23.
LaTeX Font Info:    Overwriting symbol font `symbols' in version `normal'
(Font)                  OMS/cmsy/m/n --> OMS/lmsy/m/n on input line 24.
LaTeX Font Info:    Overwriting symbol font `largesymbols' in version `normal'
(Font)                  OMX/cmex/m/n --> OMX/lmex/m/n on input line 25.
LaTeX Font Info:    Overwriting symbol font `operators' in version `bold'
(Font)                  OT1/cmr/bx/n --> OT1/lmr/bx/n on input line 26.
LaTeX Font Info:    Overwriting symbol font `letters' in version `bold'
(Font)                  OML/cmm/b/it --> OML/lmm/b/it on input line 27.
LaTeX Font Info:    Overwriting symbol font `symbols' in version `bold'
(Font)                  OMS/cmsy/b/n --> OMS/lmsy/b/n on input line 28.
LaTeX Font Info:    Overwriting symbol font `largesymbols' in version `bold'
(Font)                  OMX/cmex/m/n --> OMX/lmex/m/n on input line 29.
LaTeX Font Info:    Overwriting math alphabet `\mathbf' in version `normal'
(Font)                  OT1/cmr/bx/n --> OT1/lmr/bx/n on input line 31.
LaTeX Font Info:    Overwriting math alphabet `\mathsf' in version `normal'
(Font)                  OT1/cmss/m/n --> OT1/lmss/m/n on input line 32.
LaTeX Font Info:    Overwriting math alphabet `\mathit' in version `normal'
(Font)                  OT1/cmr/m/it --> OT1/lmr/m/it on input line 33.
LaTeX Font Info:    Overwriting math alphabet `\mathtt' in version `normal'
(Font)                  OT1/cmtt/m/n --> OT1/lmtt/m/n on input line 34.
LaTeX Font Info:    Overwriting math alphabet `\mathbf' in version `bold'
(Font)                  OT1/cmr/bx/n --> OT1/lmr/bx/n on input line 35.
LaTeX Font Info:    Overwriting math alphabet `\mathsf' in version `bold'
(Font)                  OT1/cmss/bx/n --> OT1/lmss/bx/n on input line 36.
LaTeX Font Info:    Overwriting math alphabet `\mathit' in version `bold'
(Font)                  OT1/cmr/bx/it --> OT1/lmr/bx/it on input line 37.
LaTeX Font Info:    Overwriting math alphabet `\mathtt' in version `bold'
(Font)                  OT1/cmtt/m/n --> OT1/lmtt/m/n on input line 38.
)
(/usr/local/texlive/2020/texmf-dist/tex/generic/iftex/ifxetex.sty
Package: ifxetex 2019/10/25 v0.7 ifxetex legacy package. Use iftex instead.

(/usr/local/texlive/2020/texmf-dist/tex/generic/iftex/iftex.sty
Package: iftex 2020/03/06 v1.0d TeX engine tests
))
(/usr/local/texlive/2020/texmf-dist/tex/generic/iftex/ifluatex.sty
Package: ifluatex 2019/10/25 v1.5 ifluatex legacy package. Use iftex instead.
)
(/usr/local/texlive/2020/texmf-dist/tex/latex/base/fontenc.sty
Package: fontenc 2020/02/11 v2.0o Standard LaTeX package
LaTeX Font Info:    Trying to load font information for T1+lmr on input line 11
2.

(/usr/local/texlive/2020/texmf-dist/tex/latex/lm/t1lmr.fd
File: t1lmr.fd 2009/10/30 v1.6 Font defs for Latin Modern
))
(/usr/local/texlive/2020/texmf-dist/tex/latex/base/inputenc.sty
Package: inputenc 2018/08/11 v1.3c Input encoding file
\inpenc@prehook=\toks20
\inpenc@posthook=\toks21
)
(/usr/local/texlive/2020/texmf-dist/tex/latex/base/textcomp.sty
Package: textcomp 2020/02/02 v2.0n Standard LaTeX package
)
(/usr/local/texlive/2020/texmf-dist/tex/latex/upquote/upquote.sty
Package: upquote 2012/04/19 v1.3 upright-quote and grave-accent glyphs in verba
tim
)
(/usr/local/texlive/2020/texmf-dist/tex/latex/microtype/microtype.sty
Package: microtype 2019/11/18 v2.7d Micro-typographical refinements (RS)

(/usr/local/texlive/2020/texmf-dist/tex/latex/graphics/keyval.sty
Package: keyval 2014/10/28 v1.15 key=value parser (DPC)
\KV@toks@=\toks22
)
\MT@toks=\toks23
\MT@count=\count187
LaTeX Info: Redefining \textls on input line 790.
\MT@outer@kern=\dimen144
LaTeX Info: Redefining \textmicrotypecontext on input line 1354.
\MT@listname@count=\count188

(/usr/local/texlive/2020/texmf-dist/tex/latex/microtype/microtype-pdftex.def
File: microtype-pdftex.def 2019/11/18 v2.7d Definitions specific to pdftex (RS)

LaTeX Info: Redefining \lsstyle on input line 914.
LaTeX Info: Redefining \lslig on input line 914.
\MT@outer@space=\skip52
)
Package microtype Info: Loading configuration file microtype.cfg.

(/usr/local/texlive/2020/texmf-dist/tex/latex/microtype/microtype.cfg
File: microtype.cfg 2019/11/18 v2.7d microtype main configuration file (RS)
))
(/usr/local/texlive/2020/texmf-dist/tex/latex/parskip/parskip.sty
Package: parskip 2020-01-22 v2.0d non-zero parskip adjustments

(/usr/local/texlive/2020/texmf-dist/tex/latex/kvoptions/kvoptions.sty
Package: kvoptions 2019/11/29 v3.13 Key value format for package options (HO)

(/usr/local/texlive/2020/texmf-dist/tex/generic/ltxcmds/ltxcmds.sty
Package: ltxcmds 2019/12/15 v1.24 LaTeX kernel commands for general use (HO)
)
(/usr/local/texlive/2020/texmf-dist/tex/generic/kvsetkeys/kvsetkeys.sty
Package: kvsetkeys 2019/12/15 v1.18 Key value parser (HO)
))
(/usr/local/texlive/2020/texmf-dist/tex/latex/etoolbox/etoolbox.sty
Package: etoolbox 2019/09/21 v2.5h e-TeX tools for LaTeX (JAW)
\etb@tempcnta=\count189
))
(/usr/local/texlive/2020/texmf-dist/tex/latex/xcolor/xcolor.sty
Package: xcolor 2016/05/11 v2.12 LaTeX color extensions (UK)

(/usr/local/texlive/2020/texmf-dist/tex/latex/graphics-cfg/color.cfg
File: color.cfg 2016/01/02 v1.6 sample color configuration
)
Package xcolor Info: Driver file: pdftex.def on input line 225.

(/usr/local/texlive/2020/texmf-dist/tex/latex/graphics-def/pdftex.def
File: pdftex.def 2018/01/08 v1.0l Graphics/color driver for pdftex
)
Package xcolor Info: Model `cmy' substituted by `cmy0' on input line 1348.
Package xcolor Info: Model `hsb' substituted by `rgb' on input line 1352.
Package xcolor Info: Model `RGB' extended on input line 1364.
Package xcolor Info: Model `HTML' substituted by `rgb' on input line 1366.
Package xcolor Info: Model `Hsb' substituted by `hsb' on input line 1367.
Package xcolor Info: Model `tHsb' substituted by `hsb' on input line 1368.
Package xcolor Info: Model `HSB' substituted by `hsb' on input line 1369.
Package xcolor Info: Model `Gray' substituted by `gray' on input line 1370.
Package xcolor Info: Model `wave' substituted by `hsb' on input line 1371.
)
(/usr/local/texlive/2020/texmf-dist/tex/latex/xurl/xurl.sty
Package: xurl 2020/01/24 v 0.09 modify URL breaks

(/usr/local/texlive/2020/texmf-dist/tex/latex/url/url.sty
\Urlmuskip=\muskip17
Package: url 2013/09/16  ver 3.4  Verb mode for urls, etc.
))
(/usr/local/texlive/2020/texmf-dist/tex/latex/bookmark/bookmark.sty
Package: bookmark 2019/12/03 v1.28 PDF bookmarks (HO)

(/usr/local/texlive/2020/texmf-dist/tex/latex/hyperref/hyperref.sty
Package: hyperref 2020/01/14 v7.00d Hypertext links for LaTeX

(/usr/local/texlive/2020/texmf-dist/tex/latex/pdftexcmds/pdftexcmds.sty
Package: pdftexcmds 2019/11/24 v0.31 Utility functions of pdfTeX for LuaTeX (HO
)

(/usr/local/texlive/2020/texmf-dist/tex/generic/infwarerr/infwarerr.sty
Package: infwarerr 2019/12/03 v1.5 Providing info/warning/error messages (HO)
)
Package pdftexcmds Info: \pdf@primitive is available.
Package pdftexcmds Info: \pdf@ifprimitive is available.
Package pdftexcmds Info: \pdfdraftmode found.
)
(/usr/local/texlive/2020/texmf-dist/tex/generic/kvdefinekeys/kvdefinekeys.sty
Package: kvdefinekeys 2019-12-19 v1.6 Define keys (HO)
)
(/usr/local/texlive/2020/texmf-dist/tex/generic/pdfescape/pdfescape.sty
Package: pdfescape 2019/12/09 v1.15 Implements pdfTeX's escape features (HO)
)
(/usr/local/texlive/2020/texmf-dist/tex/latex/hycolor/hycolor.sty
Package: hycolor 2020-01-27 v1.10 Color options for hyperref/bookmark (HO)
)
(/usr/local/texlive/2020/texmf-dist/tex/latex/letltxmacro/letltxmacro.sty
Package: letltxmacro 2019/12/03 v1.6 Let assignment for LaTeX macros (HO)
)
(/usr/local/texlive/2020/texmf-dist/tex/latex/auxhook/auxhook.sty
Package: auxhook 2019-12-17 v1.6 Hooks for auxiliary files (HO)
)
\@linkdim=\dimen145
\Hy@linkcounter=\count190
\Hy@pagecounter=\count191

(/usr/local/texlive/2020/texmf-dist/tex/latex/hyperref/pd1enc.def
File: pd1enc.def 2020/01/14 v7.00d Hyperref: PDFDocEncoding definition (HO)
Now handling font encoding PD1 ...
... no UTF-8 mapping file for font encoding PD1
)
(/usr/local/texlive/2020/texmf-dist/tex/generic/intcalc/intcalc.sty
Package: intcalc 2019/12/15 v1.3 Expandable calculations with integers (HO)
)
(/usr/local/texlive/2020/texmf-dist/tex/generic/etexcmds/etexcmds.sty
Package: etexcmds 2019/12/15 v1.7 Avoid name clashes with e-TeX commands (HO)
)
\Hy@SavedSpaceFactor=\count192
Package hyperref Info: Option `unicode' set `true' on input line 4421.

(/usr/local/texlive/2020/texmf-dist/tex/latex/hyperref/puenc.def
File: puenc.def 2020/01/14 v7.00d Hyperref: PDF Unicode definition (HO)
Now handling font encoding PU ...
... no UTF-8 mapping file for font encoding PU
)
Package hyperref Info: Hyper figures OFF on input line 4547.
Package hyperref Info: Link nesting OFF on input line 4552.
Package hyperref Info: Hyper index ON on input line 4555.
Package hyperref Info: Plain pages OFF on input line 4562.
Package hyperref Info: Backreferencing OFF on input line 4567.
Package hyperref Info: Implicit mode ON; LaTeX internals redefined.
Package hyperref Info: Bookmarks ON on input line 4800.
\c@Hy@tempcnt=\count193
LaTeX Info: Redefining \url on input line 5159.
\XeTeXLinkMargin=\dimen146

(/usr/local/texlive/2020/texmf-dist/tex/generic/bitset/bitset.sty
Package: bitset 2019/12/09 v1.3 Handle bit-vector datatype (HO)

(/usr/local/texlive/2020/texmf-dist/tex/generic/bigintcalc/bigintcalc.sty
Package: bigintcalc 2019/12/15 v1.5 Expandable calculations on big integers (HO
)
))
\Fld@menulength=\count194
\Field@Width=\dimen147
\Fld@charsize=\dimen148
Package hyperref Info: Hyper figures OFF on input line 6430.
Package hyperref Info: Link nesting OFF on input line 6435.
Package hyperref Info: Hyper index ON on input line 6438.
Package hyperref Info: backreferencing OFF on input line 6445.
Package hyperref Info: Link coloring OFF on input line 6450.
Package hyperref Info: Link coloring with OCG OFF on input line 6455.
Package hyperref Info: PDF/A mode OFF on input line 6460.
LaTeX Info: Redefining \ref on input line 6500.
LaTeX Info: Redefining \pageref on input line 6504.

(/usr/local/texlive/2020/texmf-dist/tex/generic/atbegshi/atbegshi.sty
Package: atbegshi 2019/12/05 v1.19 At begin shipout hook (HO)
)
\Hy@abspage=\count195
\c@Item=\count196
\c@Hfootnote=\count197
)
Package hyperref Info: Driver (autodetected): hpdftex.

(/usr/local/texlive/2020/texmf-dist/tex/latex/hyperref/hpdftex.def
File: hpdftex.def 2020/01/14 v7.00d Hyperref driver for pdfTeX

(/usr/local/texlive/2020/texmf-dist/tex/latex/atveryend/atveryend.sty
Package: atveryend 2019-12-11 v1.11 Hooks at the very end of document (HO)
)
\Fld@listcount=\count198
\c@bookmark@seq@number=\count199

(/usr/local/texlive/2020/texmf-dist/tex/latex/rerunfilecheck/rerunfilecheck.sty
Package: rerunfilecheck 2019/12/05 v1.9 Rerun checks for auxiliary files (HO)

(/usr/local/texlive/2020/texmf-dist/tex/generic/uniquecounter/uniquecounter.sty
Package: uniquecounter 2019/12/15 v1.4 Provide unlimited unique counter (HO)
)
Package uniquecounter Info: New unique counter `rerunfilecheck' on input line 2
86.
)
\Hy@SectionHShift=\skip53
) (/usr/local/texlive/2020/texmf-dist/tex/latex/bookmark/bkm-pdftex.def
File: bkm-pdftex.def 2019/12/03 v1.28 bookmark driver for pdfTeX (HO)
\BKM@id=\count266
))
(/usr/local/texlive/2020/texmf-dist/tex/latex/geometry/geometry.sty
Package: geometry 2020/01/02 v5.9 Page Geometry

(/usr/local/texlive/2020/texmf-dist/tex/generic/iftex/ifvtex.sty
Package: ifvtex 2019/10/25 v1.7 ifvtex legacy package. Use iftex instead.
)
\Gm@cnth=\count267
\Gm@cntv=\count268
\c@Gm@tempcnt=\count269
\Gm@bindingoffset=\dimen149
\Gm@wd@mp=\dimen150
\Gm@odd@mp=\dimen151
\Gm@even@mp=\dimen152
\Gm@layoutwidth=\dimen153
\Gm@layoutheight=\dimen154
\Gm@layouthoffset=\dimen155
\Gm@layoutvoffset=\dimen156
\Gm@dimlist=\toks24
)
(/usr/local/texlive/2020/texmf-dist/tex/latex/graphics/graphicx.sty
Package: graphicx 2019/11/30 v1.2a Enhanced LaTeX Graphics (DPC,SPQR)

(/usr/local/texlive/2020/texmf-dist/tex/latex/graphics/graphics.sty
Package: graphics 2019/11/30 v1.4a Standard LaTeX Graphics (DPC,SPQR)

(/usr/local/texlive/2020/texmf-dist/tex/latex/graphics/trig.sty
Package: trig 2016/01/03 v1.10 sin cos tan (DPC)
)
(/usr/local/texlive/2020/texmf-dist/tex/latex/graphics-cfg/graphics.cfg
File: graphics.cfg 2016/06/04 v1.11 sample graphics configuration
)
Package graphics Info: Driver file: pdftex.def on input line 105.
)
\Gin@req@height=\dimen157
\Gin@req@width=\dimen158
)
(/usr/local/texlive/2020/texmf-dist/tex/latex/cleveref/cleveref.sty
Package: cleveref 2018/03/27 v0.21.4 Intelligent cross-referencing
Package cleveref Info: `hyperref' support loaded on input line 2370.
LaTeX Info: Redefining \cref on input line 2370.
LaTeX Info: Redefining \Cref on input line 2370.
LaTeX Info: Redefining \crefrange on input line 2370.
LaTeX Info: Redefining \Crefrange on input line 2370.
LaTeX Info: Redefining \cpageref on input line 2370.
LaTeX Info: Redefining \Cpageref on input line 2370.
LaTeX Info: Redefining \cpagerefrange on input line 2370.
LaTeX Info: Redefining \Cpagerefrange on input line 2370.
LaTeX Info: Redefining \labelcref on input line 2370.
LaTeX Info: Redefining \labelcpageref on input line 2370.
Package cleveref Info: always capitalise cross-reference names on input line 78
25.
Package cleveref Info: always capitalise cross-reference names on input line 78
52.
)
\cslhangindent=\skip54
\csllabelwidth=\skip55

(/usr/local/texlive/2020/texmf-dist/tex/latex/tools/calc.sty
Package: calc 2017/05/25 v4.3 Infix arithmetic (KKT,FJ)
\calc@Acount=\count270
\calc@Bcount=\count271
\calc@Adimen=\dimen159
\calc@Bdimen=\dimen160
\calc@Askip=\skip56
\calc@Bskip=\skip57
LaTeX Info: Redefining \setlength on input line 80.
LaTeX Info: Redefining \addtolength on input line 81.
\calc@Ccount=\count272
\calc@Cskip=\skip58
)
(/usr/local/texlive/2020/texmf-dist/tex/latex/subfigure/subfigure.sty
Package: subfigure 2002/03/15 v2.1.5 subfigure package
\subfigtopskip=\skip59
\subfigcapskip=\skip60
\subfigcaptopadj=\dimen161
\subfigbottomskip=\skip61
\subfigcapmargin=\dimen162
\subfiglabelskip=\skip62
\c@subfigure=\count273
\c@lofdepth=\count274
\c@subtable=\count275
\c@lotdepth=\count276

****************************************
* Local config file subfigure.cfg used *
****************************************
(/usr/local/texlive/2020/texmf-dist/tex/latex/subfigure/subfigure.cfg)
\subfig@top=\skip63
\subfig@bottom=\skip64
)
(/usr/local/texlive/2020/texmf-dist/tex/latex/l3backend/l3backend-pdfmode.def
File: l3backend-pdfmode.def 2020-03-12 L3 backend support: PDF mode
\l__kernel_color_stack_int=\count277
\l__pdf_internal_box=\box47
)
(./thesis.aux)
\openout1 = `thesis.aux'.

LaTeX Font Info:    Checking defaults for OML/cmm/m/it on input line 99.
LaTeX Font Info:    ... okay on input line 99.
LaTeX Font Info:    Checking defaults for OMS/cmsy/m/n on input line 99.
LaTeX Font Info:    ... okay on input line 99.
LaTeX Font Info:    Checking defaults for OT1/cmr/m/n on input line 99.
LaTeX Font Info:    ... okay on input line 99.
LaTeX Font Info:    Checking defaults for T1/cmr/m/n on input line 99.
LaTeX Font Info:    ... okay on input line 99.
LaTeX Font Info:    Checking defaults for TS1/cmr/m/n on input line 99.
LaTeX Font Info:    ... okay on input line 99.
LaTeX Font Info:    Checking defaults for OMX/cmex/m/n on input line 99.
LaTeX Font Info:    ... okay on input line 99.
LaTeX Font Info:    Checking defaults for U/cmr/m/n on input line 99.
LaTeX Font Info:    ... okay on input line 99.
LaTeX Font Info:    Checking defaults for PD1/pdf/m/n on input line 99.
LaTeX Font Info:    ... okay on input line 99.
LaTeX Font Info:    Checking defaults for PU/pdf/m/n on input line 99.
LaTeX Font Info:    ... okay on input line 99.
LaTeX Info: Redefining \microtypecontext on input line 99.
Package microtype Info: Generating PDF output.
Package microtype Info: Character protrusion enabled (level 2).
Package microtype Info: Using protrusion set `basicmath'.
Package microtype Info: Automatic font expansion enabled (level 2),
(microtype)             stretch: 20, shrink: 20, step: 1, non-selected.
Package microtype Info: Using default expansion set `basictext'.
LaTeX Info: Redefining \showhyphens on input line 99.
Package microtype Info: No adjustment of tracking.
Package microtype Info: No adjustment of interword spacing.
Package microtype Info: No adjustment of character kerning.

(/usr/local/texlive/2020/texmf-dist/tex/latex/microtype/mt-cmr.cfg
File: mt-cmr.cfg 2013/05/19 v2.2 microtype config. file: Computer Modern Roman 
(RS)
)
(/usr/local/texlive/2020/texmf-dist/tex/context/base/mkii/supp-pdf.mkii
[Loading MPS to PDF converter (version 2006.09.02).]
\scratchcounter=\count278
\scratchdimen=\dimen163
\scratchbox=\box48
\nofMPsegments=\count279
\nofMParguments=\count280
\everyMPshowfont=\toks25
\MPscratchCnt=\count281
\MPscratchDim=\dimen164
\MPnumerator=\count282
\makeMPintoPDFobject=\count283
\everyMPtoPDFconversion=\toks26
) (/usr/local/texlive/2020/texmf-dist/tex/latex/epstopdf-pkg/epstopdf-base.sty
Package: epstopdf-base 2020-01-24 v2.11 Base part for package epstopdf
Package epstopdf-base Info: Redefining graphics rule for `.eps' on input line 4
85.

(/usr/local/texlive/2020/texmf-dist/tex/latex/latexconfig/epstopdf-sys.cfg
File: epstopdf-sys.cfg 2010/07/13 v1.3 Configuration of (r)epstopdf for TeX Liv
e
))
\AtBeginShipoutBox=\box49
Package hyperref Info: Link coloring OFF on input line 99.

(/usr/local/texlive/2020/texmf-dist/tex/latex/hyperref/nameref.sty
Package: nameref 2019/09/16 v2.46 Cross-referencing by name of section

(/usr/local/texlive/2020/texmf-dist/tex/latex/refcount/refcount.sty
Package: refcount 2019/12/15 v3.6 Data extraction from label references (HO)
)
(/usr/local/texlive/2020/texmf-dist/tex/generic/gettitlestring/gettitlestring.s
ty
Package: gettitlestring 2019/12/15 v1.6 Cleanup title references (HO)
)
\c@section@level=\count284
)
LaTeX Info: Redefining \ref on input line 99.
LaTeX Info: Redefining \pageref on input line 99.
LaTeX Info: Redefining \nameref on input line 99.

*geometry* driver: auto-detecting
*geometry* detected driver: pdftex
*geometry* verbose mode - [ preamble ] result:
* driver: pdftex
* paper: a4paper
* layout: <same size as paper>
* layoutoffset:(h,v)=(0.0pt,0.0pt)
* modes: 
* h-part:(L,W,R)=(85.35826pt, 426.79135pt, 85.35826pt)
* v-part:(T,H,B)=(85.35826pt, 674.33032pt, 85.35826pt)
* \paperwidth=597.50787pt
* \paperheight=845.04684pt
* \textwidth=426.79135pt
* \textheight=674.33032pt
* \oddsidemargin=13.08827pt
* \evensidemargin=13.08827pt
* \topmargin=-23.91173pt
* \headheight=12.0pt
* \headsep=25.0pt
* \topskip=10.0pt
* \footskip=30.0pt
* \marginparwidth=57.0pt
* \marginparsep=11.0pt
* \columnsep=10.0pt
* \skip\footins=9.0pt plus 4.0pt minus 2.0pt
* \hoffset=0.0pt
* \voffset=0.0pt
* \mag=1000
* \@twocolumnfalse
* \@twosidefalse
* \@mparswitchfalse
* \@reversemarginfalse
* (1in=72.27pt=25.4mm, 1cm=28.453pt)

LaTeX Font Info:    Trying to load font information for OT1+lmr on input line 1
01.
(/usr/local/texlive/2020/texmf-dist/tex/latex/lm/ot1lmr.fd
File: ot1lmr.fd 2009/10/30 v1.6 Font defs for Latin Modern
)
LaTeX Font Info:    Trying to load font information for OML+lmm on input line 1
01.

(/usr/local/texlive/2020/texmf-dist/tex/latex/lm/omllmm.fd
File: omllmm.fd 2009/10/30 v1.6 Font defs for Latin Modern
)
LaTeX Font Info:    Trying to load font information for OMS+lmsy on input line 
101.

(/usr/local/texlive/2020/texmf-dist/tex/latex/lm/omslmsy.fd
File: omslmsy.fd 2009/10/30 v1.6 Font defs for Latin Modern
)
LaTeX Font Info:    Trying to load font information for OMX+lmex on input line 
101.

(/usr/local/texlive/2020/texmf-dist/tex/latex/lm/omxlmex.fd
File: omxlmex.fd 2009/10/30 v1.6 Font defs for Latin Modern
)
LaTeX Font Info:    External font `lmex10' loaded for size
(Font)              <12> on input line 101.
LaTeX Font Info:    External font `lmex10' loaded for size
(Font)              <8> on input line 101.
LaTeX Font Info:    External font `lmex10' loaded for size
(Font)              <6> on input line 101.
LaTeX Font Info:    Trying to load font information for U+msa on input line 101
.

(/usr/local/texlive/2020/texmf-dist/tex/latex/amsfonts/umsa.fd
File: umsa.fd 2013/01/14 v3.01 AMS symbols A
)
(/usr/local/texlive/2020/texmf-dist/tex/latex/microtype/mt-msa.cfg
File: mt-msa.cfg 2006/02/04 v1.1 microtype config. file: AMS symbols (a) (RS)
)
LaTeX Font Info:    Trying to load font information for U+msb on input line 101
.

(/usr/local/texlive/2020/texmf-dist/tex/latex/amsfonts/umsb.fd
File: umsb.fd 2013/01/14 v3.01 AMS symbols B
)
(/usr/local/texlive/2020/texmf-dist/tex/latex/microtype/mt-msb.cfg
File: mt-msb.cfg 2005/06/01 v1.0 microtype config. file: AMS symbols (b) (RS)
)
LaTeX Font Info:    External font `lmex10' loaded for size
(Font)              <10> on input line 134.
LaTeX Font Info:    External font `lmex10' loaded for size
(Font)              <7> on input line 134.
LaTeX Font Info:    External font `lmex10' loaded for size
(Font)              <5> on input line 134.
 [1

{/usr/local/texlive/2020/texmf-var/fonts/map/pdftex/updmap/pdftex.map}]

LaTeX Warning: Reference `sec:theory' on page 1 undefined on input line 225.


LaTeX Warning: Reference `sec:theory' on page 1 undefined on input line 241.

[2]
</Users/spencerw/Google Drive/motor_control/phd/images/physiology/background/lo
w_variance_PCs.png, id=57, 1614.03pt x 789.95125pt>
File: /Users/spencerw/Google Drive/motor_control/phd/images/physiology/backgrou
nd/low_variance_PCs.png Graphic file (type png)
<use /Users/spencerw/Google Drive/motor_control/phd/images/physiology/backgroun
d/low_variance_PCs.png>
Package pdftex.def Info: /Users/spencerw/Google Drive/motor_control/phd/images/
physiology/background/low_variance_PCs.png  used on input line 335.
(pdftex.def)             Requested size: 426.78004pt x 208.87804pt.
</Users/spencerw/Google Drive/motor_control/phd/images/physiology/motor_system/
motor_system.pdf, id=59, 456.74641pt x 590.65768pt>
File: /Users/spencerw/Google Drive/motor_control/phd/images/physiology/motor_sy
stem/motor_system.pdf Graphic file (type pdf)
<use /Users/spencerw/Google Drive/motor_control/phd/images/physiology/motor_sys
tem/motor_system.pdf>
Package pdftex.def Info: /Users/spencerw/Google Drive/motor_control/phd/images/
physiology/motor_system/motor_system.pdf  used on input line 352.
(pdftex.def)             Requested size: 426.8118pt x 551.94669pt.
 [3] [4 </Users/spencerw/Google Drive/motor_control/phd/images/physiology/backg
round/low_variance_PCs.png>] [5 </Users/spencerw/Google Drive/motor_control/phd
/images/physiology/motor_system/motor_system.pdf>] [6] [7]
</Users/spencerw/Google Drive/motor_control/phd/images/physiology/strick_grazia
no/strick_graziano.pdf, id=240, 2026.17291pt x 1445.29634pt>
File: /Users/spencerw/Google Drive/motor_control/phd/images/physiology/strick_g
raziano/strick_graziano.pdf Graphic file (type pdf)
<use /Users/spencerw/Google Drive/motor_control/phd/images/physiology/strick_gr
aziano/strick_graziano.pdf>
Package pdftex.def Info: /Users/spencerw/Google Drive/motor_control/phd/images/
physiology/strick_graziano/strick_graziano.pdf  used on input line 639.
(pdftex.def)             Requested size: 426.77646pt x 304.42538pt.


LaTeX Warning: Reference `sec:theory' on page 1 undefined on input line 659.

[8 </Users/spencerw/Google Drive/motor_control/phd/images/physiology/strick_gra
ziano/strick_graziano.pdf>] [9] [10]
LaTeX Font Info:    Trying to load font information for TS1+lmr on input line 8
72.

(/usr/local/texlive/2020/texmf-dist/tex/latex/lm/ts1lmr.fd
File: ts1lmr.fd 2009/10/30 v1.6 Font defs for Latin Modern
) [11]
</Users/spencerw/Google Drive/motor_control/phd/images/hardware/setup.pdf, id=3
63, 1927.2pt x 1084.05pt>
File: /Users/spencerw/Google Drive/motor_control/phd/images/hardware/setup.pdf 
Graphic file (type pdf)
<use /Users/spencerw/Google Drive/motor_control/phd/images/hardware/setup.pdf>
Package pdftex.def Info: /Users/spencerw/Google Drive/motor_control/phd/images/
hardware/setup.pdf  used on input line 965.
(pdftex.def)             Requested size: 426.77895pt x 240.06316pt.
 [12 </Users/spencerw/Google Drive/motor_control/phd/images/hardware/setup.pdf>
]
</Users/spencerw/Google Drive/motor_control/phd/images/data_analysis/fingers/ra
w_data.pdf, id=433, 948.6504pt x 494.01566pt>
File: /Users/spencerw/Google Drive/motor_control/phd/images/data_analysis/finge
rs/raw_data.pdf Graphic file (type pdf)
<use /Users/spencerw/Google Drive/motor_control/phd/images/data_analysis/finger
s/raw_data.pdf>
Package pdftex.def Info: /Users/spencerw/Google Drive/motor_control/phd/images/
data_analysis/fingers/raw_data.pdf  used on input line 1035.
(pdftex.def)             Requested size: 426.78741pt x 222.25223pt.
</Users/spencerw/Google Drive/motor_control/phd/images/data_analysis/fingers/pr
eprocessing_steps.pdf, id=435, 732.28267pt x 605.31143pt>
File: /Users/spencerw/Google Drive/motor_control/phd/images/data_analysis/finge
rs/preprocessing_steps.pdf Graphic file (type pdf)
<use /Users/spencerw/Google Drive/motor_control/phd/images/data_analysis/finger
s/preprocessing_steps.pdf>
Package pdftex.def Info: /Users/spencerw/Google Drive/motor_control/phd/images/
data_analysis/fingers/preprocessing_steps.pdf  used on input line 1050.
(pdftex.def)             Requested size: 426.80255pt x 352.79883pt.
</Users/spencerw/Google Drive/motor_control/phd/images/data_analysis/fingers/pr
eprocessed_data.pdf, id=437, 951.08138pt x 494.01566pt>
File: /Users/spencerw/Google Drive/motor_control/phd/images/data_analysis/finge
rs/preprocessed_data.pdf Graphic file (type pdf)
<use /Users/spencerw/Google Drive/motor_control/phd/images/data_analysis/finger
s/preprocessed_data.pdf>
Package pdftex.def Info: /Users/spencerw/Google Drive/motor_control/phd/images/
data_analysis/fingers/preprocessed_data.pdf  used on input line 1063.
(pdftex.def)             Requested size: 426.79265pt x 221.68686pt.
 [13 </Users/spencerw/Google Drive/motor_control/phd/images/data_analysis/finge
rs/raw_data.pdf>] [14 </Users/spencerw/Google Drive/motor_control/phd/images/da
ta_analysis/fingers/preprocessing_steps.pdf>]
</Users/spencerw/Google Drive/motor_control/phd/images/data_analysis/fingers/PC
A_variances.pdf, id=528, 658.86104pt x 731.13103pt>
File: /Users/spencerw/Google Drive/motor_control/phd/images/data_analysis/finge
rs/PCA_variances.pdf Graphic file (type pdf)
<use /Users/spencerw/Google Drive/motor_control/phd/images/data_analysis/finger
s/PCA_variances.pdf>
Package pdftex.def Info: /Users/spencerw/Google Drive/motor_control/phd/images/
data_analysis/fingers/PCA_variances.pdf  used on input line 1080.
(pdftex.def)             Requested size: 426.79686pt x 473.6119pt.
</Users/spencerw/Google Drive/motor_control/phd/images/data_analysis/fingers/PC
A_components.pdf, id=530, 598.46082pt x 603.04135pt>
File: /Users/spencerw/Google Drive/motor_control/phd/images/data_analysis/finge
rs/PCA_components.pdf Graphic file (type pdf)
<use /Users/spencerw/Google Drive/motor_control/phd/images/data_analysis/finger
s/PCA_components.pdf>
Package pdftex.def Info: /Users/spencerw/Google Drive/motor_control/phd/images/
data_analysis/fingers/PCA_components.pdf  used on input line 1098.
(pdftex.def)             Requested size: 426.80043pt x 430.0671pt.
 [15 </Users/spencerw/Google Drive/motor_control/phd/images/data_analysis/finge
rs/preprocessed_data.pdf>] [16 </Users/spencerw/Google Drive/motor_control/phd/
images/data_analysis/fingers/PCA_variances.pdf>] [17 </Users/spencerw/Google Dr
ive/motor_control/phd/images/data_analysis/fingers/PCA_components.pdf>] [18]
</Users/spencerw/Google Drive/motor_control/phd/images/data_analysis/center_hol
d/trajectories.pdf, id=817, 441.9135pt x 1065.22638pt>
File: /Users/spencerw/Google Drive/motor_control/phd/images/data_analysis/cente
r_hold/trajectories.pdf Graphic file (type pdf)
<use /Users/spencerw/Google Drive/motor_control/phd/images/data_analysis/center
_hold/trajectories.pdf>
Package pdftex.def Info: /Users/spencerw/Google Drive/motor_control/phd/images/
data_analysis/center_hold/trajectories.pdf  used on input line 1324.
(pdftex.def)             Requested size: 256.08073pt x 617.2791pt.


LaTeX Warning: Float too large for page by 2.8932pt on input line 1325.

</Users/spencerw/Google Drive/motor_control/phd/images/data_analysis/center_hol
d/hit_fraction.pdf, id=819, 571.77487pt x 426.20772pt>
File: /Users/spencerw/Google Drive/motor_control/phd/images/data_analysis/cente
r_hold/hit_fraction.pdf Graphic file (type pdf)
<use /Users/spencerw/Google Drive/motor_control/phd/images/data_analysis/center
_hold/hit_fraction.pdf>
Package pdftex.def Info: /Users/spencerw/Google Drive/motor_control/phd/images/
data_analysis/center_hold/hit_fraction.pdf  used on input line 1340.
(pdftex.def)             Requested size: 298.7642pt x 222.70235pt.
</Users/spencerw/Google Drive/motor_control/phd/images/data_analysis/center_hol
d/PCA_trial_variance.pdf, id=821, 568.0817pt x 387.29945pt>
File: /Users/spencerw/Google Drive/motor_control/phd/images/data_analysis/cente
r_hold/PCA_trial_variance.pdf Graphic file (type pdf)
<use /Users/spencerw/Google Drive/motor_control/phd/images/data_analysis/center
_hold/PCA_trial_variance.pdf>
Package pdftex.def Info: /Users/spencerw/Google Drive/motor_control/phd/images/
data_analysis/center_hold/PCA_trial_variance.pdf  used on input line 1358.
(pdftex.def)             Requested size: 298.75877pt x 203.68391pt.
</Users/spencerw/Google Drive/motor_control/phd/images/data_analysis/center_hol
d/PCA_concat_variance.pdf, id=823, 568.0817pt x 387.29945pt>
File: /Users/spencerw/Google Drive/motor_control/phd/images/data_analysis/cente
r_hold/PCA_concat_variance.pdf Graphic file (type pdf)
<use /Users/spencerw/Google Drive/motor_control/phd/images/data_analysis/center
_hold/PCA_concat_variance.pdf>
Package pdftex.def Info: /Users/spencerw/Google Drive/motor_control/phd/images/
data_analysis/center_hold/PCA_concat_variance.pdf  used on input line 1374.
(pdftex.def)             Requested size: 298.75877pt x 203.68391pt.
[19] [20 </Users/spencerw/Google Drive/motor_control/phd/images/data_analysis/c
enter_hold/trajectories.pdf>] [21 </Users/spencerw/Google Drive/motor_control/p
hd/images/data_analysis/center_hold/hit_fraction.pdf> </Users/spencerw/Google D
rive/motor_control/phd/images/data_analysis/center_hold/PCA_trial_variance.pdf

pdfTeX warning: pdflatex (file /Users/spencerw/Google Drive/motor_control/phd/i
mages/data_analysis/center_hold/PCA_trial_variance.pdf): PDF inclusion: multipl
e pdfs with page group included in a single page
>] [22 </Users/spencerw/Google Drive/motor_control/phd/images/data_analysis/cen
ter_hold/PCA_concat_variance.pdf>]
</Users/spencerw/Google Drive/motor_control/phd/images/simulations/control_fiel
d.pdf, id=1103, 623.00883pt x 604.73112pt>
File: /Users/spencerw/Google Drive/motor_control/phd/images/simulations/control
_field.pdf Graphic file (type pdf)
<use /Users/spencerw/Google Drive/motor_control/phd/images/simulations/control_
field.pdf>
Package pdftex.def Info: /Users/spencerw/Google Drive/motor_control/phd/images/
simulations/control_field.pdf  used on input line 1568.
(pdftex.def)             Requested size: 298.75565pt x 289.99081pt.
</Users/spencerw/Google Drive/motor_control/phd/images/simulations/cost_field.p
df, id=1104, 608.10562pt x 500.13725pt>
File: /Users/spencerw/Google Drive/motor_control/phd/images/simulations/cost_fi
eld.pdf Graphic file (type pdf)
<use /Users/spencerw/Google Drive/motor_control/phd/images/simulations/cost_fie
ld.pdf>
Package pdftex.def Info: /Users/spencerw/Google Drive/motor_control/phd/images/
simulations/cost_field.pdf  used on input line 1577.
(pdftex.def)             Requested size: 298.7538pt x 245.71043pt.
 [23] [24 </Users/spencerw/Google Drive/motor_control/phd/images/simulations/co
ntrol_field.pdf> </Users/spencerw/Google Drive/motor_control/phd/images/simulat
ions/cost_field.pdf

pdfTeX warning: pdflatex (file /Users/spencerw/Google Drive/motor_control/phd/i
mages/simulations/cost_field.pdf): PDF inclusion: multiple pdfs with page group
 included in a single page
>]
</Users/spencerw/Google Drive/motor_control/phd/images/simulations/gradient_des
cent.pdf, id=1193, 686.21371pt x 604.73112pt>
File: /Users/spencerw/Google Drive/motor_control/phd/images/simulations/gradien
t_descent.pdf Graphic file (type pdf)
<use /Users/spencerw/Google Drive/motor_control/phd/images/simulations/gradient
_descent.pdf>
Package pdftex.def Info: /Users/spencerw/Google Drive/motor_control/phd/images/
simulations/gradient_descent.pdf  used on input line 1689.
(pdftex.def)             Requested size: 320.10175pt x 282.09212pt.
 [25] [26 </Users/spencerw/Google Drive/motor_control/phd/images/simulations/gr
adient_descent.pdf>] [27] [28] [29] [30]
Overfull \hbox (2.22221pt too wide) in paragraph at lines 2084--2089
[][] []
 []


Underfull \hbox (badness 10000) in paragraph at lines 2084--2089

 []


Overfull \hbox (2.22221pt too wide) in paragraph at lines 2090--2094
[][][] []
 []


Underfull \hbox (badness 10000) in paragraph at lines 2090--2094

 []


Overfull \hbox (2.22221pt too wide) in paragraph at lines 2095--2100
[][][] []
 []


Underfull \hbox (badness 10000) in paragraph at lines 2095--2100

 []


Overfull \hbox (2.22221pt too wide) in paragraph at lines 2101--2107
[][][] []
 []


Underfull \hbox (badness 10000) in paragraph at lines 2101--2107

 []


Overfull \hbox (2.22221pt too wide) in paragraph at lines 2108--2112
[][][] []
 []


Underfull \hbox (badness 10000) in paragraph at lines 2108--2112

 []


Overfull \hbox (2.22221pt too wide) in paragraph at lines 2113--2117
[][][] []
 []


Underfull \hbox (badness 10000) in paragraph at lines 2113--2117

 []


Overfull \hbox (2.22221pt too wide) in paragraph at lines 2118--2123
[][][] []
 []


Underfull \hbox (badness 10000) in paragraph at lines 2118--2123

 []


Overfull \hbox (2.22221pt too wide) in paragraph at lines 2124--2128
[][][] []
 []


Underfull \hbox (badness 10000) in paragraph at lines 2124--2128

 []


Overfull \hbox (2.22221pt too wide) in paragraph at lines 2129--2134
[][][] []
 []


Underfull \hbox (badness 10000) in paragraph at lines 2129--2134

 []


Overfull \hbox (2.22221pt too wide) in paragraph at lines 2135--2141
[][][] []
 []


Underfull \hbox (badness 10000) in paragraph at lines 2135--2141

 []


Overfull \hbox (2.22221pt too wide) in paragraph at lines 2142--2147
[][][] []
 []


Underfull \hbox (badness 10000) in paragraph at lines 2142--2147

 []


Overfull \hbox (2.22221pt too wide) in paragraph at lines 2148--2152
[][][] []
 []


Underfull \hbox (badness 10000) in paragraph at lines 2148--2152

 []


Overfull \hbox (2.22221pt too wide) in paragraph at lines 2153--2158
[][][] []
 []


Underfull \hbox (badness 10000) in paragraph at lines 2153--2158

 []


Overfull \hbox (2.22221pt too wide) in paragraph at lines 2159--2164
[][][] []
 []


Underfull \hbox (badness 10000) in paragraph at lines 2159--2164

 []


Overfull \hbox (2.22221pt too wide) in paragraph at lines 2165--2170
[][][] []
 []


Underfull \hbox (badness 10000) in paragraph at lines 2165--2170

 []


Overfull \hbox (2.22221pt too wide) in paragraph at lines 2171--2177
[][][] []
 []


Underfull \hbox (badness 10000) in paragraph at lines 2171--2177

 []


Overfull \hbox (2.22221pt too wide) in paragraph at lines 2178--2182
[][][] []
 []


Underfull \hbox (badness 10000) in paragraph at lines 2178--2182

 []


Overfull \hbox (2.22221pt too wide) in paragraph at lines 2183--2189
[][][] []
 []


Underfull \hbox (badness 10000) in paragraph at lines 2183--2189

 []


Overfull \hbox (2.22221pt too wide) in paragraph at lines 2190--2195
[][][] []
 []


Underfull \hbox (badness 10000) in paragraph at lines 2190--2195

 []

[31]
Overfull \hbox (2.22221pt too wide) in paragraph at lines 2196--2202
[][][] []
 []


Underfull \hbox (badness 10000) in paragraph at lines 2196--2202

 []


Overfull \hbox (2.22221pt too wide) in paragraph at lines 2203--2207
[][][] []
 []


Underfull \hbox (badness 10000) in paragraph at lines 2203--2207

 []


Overfull \hbox (2.22221pt too wide) in paragraph at lines 2208--2212
[][][] []
 []


Underfull \hbox (badness 10000) in paragraph at lines 2208--2212

 []


Overfull \hbox (2.22221pt too wide) in paragraph at lines 2213--2217
[][][] []
 []


Underfull \hbox (badness 10000) in paragraph at lines 2213--2217

 []


Overfull \hbox (2.22221pt too wide) in paragraph at lines 2218--2223
[][][] []
 []


Underfull \hbox (badness 10000) in paragraph at lines 2218--2223

 []


Overfull \hbox (2.22221pt too wide) in paragraph at lines 2224--2229
[][][] []
 []


Underfull \hbox (badness 10000) in paragraph at lines 2224--2229

 []


Overfull \hbox (2.22221pt too wide) in paragraph at lines 2230--2235
[][][] []
 []


Underfull \hbox (badness 10000) in paragraph at lines 2230--2235

 []


Overfull \hbox (2.22221pt too wide) in paragraph at lines 2236--2241
[][][] []
 []


Underfull \hbox (badness 10000) in paragraph at lines 2236--2241

 []


Overfull \hbox (2.22221pt too wide) in paragraph at lines 2242--2247
[][][] []
 []


Underfull \hbox (badness 10000) in paragraph at lines 2242--2247

 []


Overfull \hbox (2.22221pt too wide) in paragraph at lines 2248--2253
[][][] []
 []


Underfull \hbox (badness 10000) in paragraph at lines 2248--2253

 []


Overfull \hbox (2.22221pt too wide) in paragraph at lines 2254--2259
[][][] []
 []


Underfull \hbox (badness 10000) in paragraph at lines 2254--2259

 []


Overfull \hbox (2.22221pt too wide) in paragraph at lines 2260--2266
[][][] []
 []


Underfull \hbox (badness 10000) in paragraph at lines 2260--2266

 []


Overfull \hbox (2.22221pt too wide) in paragraph at lines 2267--2273
[][][] []
 []


Underfull \hbox (badness 10000) in paragraph at lines 2267--2273

 []


Overfull \hbox (2.22221pt too wide) in paragraph at lines 2274--2279
[][][] []
 []


Underfull \hbox (badness 10000) in paragraph at lines 2274--2279

 []


Overfull \hbox (2.22221pt too wide) in paragraph at lines 2280--2285
[][][] []
 []


Underfull \hbox (badness 10000) in paragraph at lines 2280--2285

 []


Overfull \hbox (2.22221pt too wide) in paragraph at lines 2286--2292
[][][] []
 []


Underfull \hbox (badness 10000) in paragraph at lines 2286--2292

 []


Overfull \hbox (2.22221pt too wide) in paragraph at lines 2293--2298
[][][] []
 []


Underfull \hbox (badness 10000) in paragraph at lines 2293--2298

 []


Overfull \hbox (2.22221pt too wide) in paragraph at lines 2299--2304
[][][] []
 []


Underfull \hbox (badness 10000) in paragraph at lines 2299--2304

 []

[32]
Overfull \hbox (2.22221pt too wide) in paragraph at lines 2305--2312
[][][] []
 []


Underfull \hbox (badness 10000) in paragraph at lines 2305--2312

 []


Overfull \hbox (2.22221pt too wide) in paragraph at lines 2313--2317
[][][] []
 []


Underfull \hbox (badness 10000) in paragraph at lines 2313--2317

 []


Overfull \hbox (2.22221pt too wide) in paragraph at lines 2318--2324
[][][] []
 []


Underfull \hbox (badness 10000) in paragraph at lines 2318--2324

 []


Overfull \hbox (2.22221pt too wide) in paragraph at lines 2325--2330
[][][] []
 []


Underfull \hbox (badness 10000) in paragraph at lines 2325--2330

 []


Overfull \hbox (2.22221pt too wide) in paragraph at lines 2331--2337
[][][] []
 []


Underfull \hbox (badness 10000) in paragraph at lines 2331--2337

 []


Overfull \hbox (2.22221pt too wide) in paragraph at lines 2338--2344
[][][] []
 []


Underfull \hbox (badness 10000) in paragraph at lines 2338--2344

 []


Overfull \hbox (2.22221pt too wide) in paragraph at lines 2345--2351
[][][] []
 []


Underfull \hbox (badness 10000) in paragraph at lines 2345--2351

 []


Overfull \hbox (2.22221pt too wide) in paragraph at lines 2352--2358
[][][] []
 []


Underfull \hbox (badness 10000) in paragraph at lines 2352--2358

 []


Overfull \hbox (2.22221pt too wide) in paragraph at lines 2359--2364
[][][] []
 []


Underfull \hbox (badness 10000) in paragraph at lines 2359--2364

 []


Overfull \hbox (2.22221pt too wide) in paragraph at lines 2365--2370
[][][] []
 []


Underfull \hbox (badness 10000) in paragraph at lines 2365--2370

 []


Overfull \hbox (2.22221pt too wide) in paragraph at lines 2371--2376
[][][] []
 []


Underfull \hbox (badness 10000) in paragraph at lines 2371--2376

 []


Overfull \hbox (2.22221pt too wide) in paragraph at lines 2377--2382
[][][] []
 []


Underfull \hbox (badness 10000) in paragraph at lines 2377--2382

 []


Overfull \hbox (2.22221pt too wide) in paragraph at lines 2383--2388
[][][] []
 []


Underfull \hbox (badness 10000) in paragraph at lines 2383--2388

 []


Overfull \hbox (2.22221pt too wide) in paragraph at lines 2389--2395
[][][] []
 []


Underfull \hbox (badness 10000) in paragraph at lines 2389--2395

 []


Overfull \hbox (2.22221pt too wide) in paragraph at lines 2396--2401
[][][] []
 []


Underfull \hbox (badness 10000) in paragraph at lines 2396--2401

 []


Overfull \hbox (2.22221pt too wide) in paragraph at lines 2402--2408
[][][] []
 []


Underfull \hbox (badness 10000) in paragraph at lines 2402--2408

 []


Overfull \hbox (2.22221pt too wide) in paragraph at lines 2409--2414
[][][] []
 []


Underfull \hbox (badness 10000) in paragraph at lines 2409--2414

 []


Overfull \hbox (2.22221pt too wide) in paragraph at lines 2415--2421
[][][] []
 []


Underfull \hbox (badness 10000) in paragraph at lines 2415--2421

 []

[33]
Overfull \hbox (2.22221pt too wide) in paragraph at lines 2422--2427
[][][] []
 []


Underfull \hbox (badness 10000) in paragraph at lines 2422--2427

 []

Package atveryend Info: Empty hook `BeforeClearDocument' on input line 2430.
[34]
Package atveryend Info: Empty hook `AfterLastShipout' on input line 2430.
 (./thesis.aux)
Package atveryend Info: Executing hook `AtVeryEndDocument' on input line 2430.
Package atveryend Info: Empty hook `AtEndAfterFileList' on input line 2430.


LaTeX Warning: There were undefined references.

 ) 
Here is how much of TeX's memory you used:
 15253 strings out of 480608
 245420 string characters out of 5903630
 530817 words of memory out of 5000000
 30546 multiletter control sequences out of 15000+600000
 600802 words of font info for 138 fonts, out of 8000000 for 9000
 1141 hyphenation exceptions out of 8191
 41i,14n,42p,1097b,472s stack positions out of 5000i,500n,10000p,200000b,80000s
pdfTeX warning (dest): name{ref-grazianoORGANIZATIONBEHAVIORALREPERTOIRE2006}
 has been referenced but does not exist, replaced by a fixed one

pdfTeX warning (dest): name{ref-Gao2017} has been referenced but does not exist
, replaced by a fixed one

{/usr/local/texlive/2020/texmf-dist/fonts/enc/dvips/lm/lm-mathex.enc}{/usr/loca
l/texlive/2020/texmf-dist/fonts/enc/dvips/lm/lm-rm.enc}{/usr/local/texlive/2020
/texmf-dist/fonts/enc/dvips/lm/lm-mathsy.enc}{/usr/local/texlive/2020/texmf-dis
t/fonts/enc/dvips/lm/lm-mathit.enc}{/usr/local/texlive/2020/texmf-dist/fonts/en
c/dvips/lm/lm-ts1.enc}{/usr/local/texlive/2020/texmf-dist/fonts/enc/dvips/lm/lm
-ec.enc}</usr/local/texlive/2020/texmf-dist/fonts/type1/public/stix/STIXGeneral
-Italic.pfb></usr/local/texlive/2020/texmf-dist/fonts/type1/public/stix/STIXGen
eral-Regular.pfb></usr/local/texlive/2020/texmf-dist/fonts/type1/public/lm/lmbx
10.pfb></usr/local/texlive/2020/texmf-dist/fonts/type1/public/lm/lmbx12.pfb></u
sr/local/texlive/2020/texmf-dist/fonts/type1/public/lm/lmbx7.pfb></usr/local/te
xlive/2020/texmf-dist/fonts/type1/public/lm/lmex10.pfb></usr/local/texlive/2020
/texmf-dist/fonts/type1/public/lm/lmmi10.pfb></usr/local/texlive/2020/texmf-dis
t/fonts/type1/public/lm/lmmi7.pfb></usr/local/texlive/2020/texmf-dist/fonts/typ
e1/public/lm/lmr10.pfb></usr/local/texlive/2020/texmf-dist/fonts/type1/public/l
m/lmr12.pfb></usr/local/texlive/2020/texmf-dist/fonts/type1/public/lm/lmr17.pfb
></usr/local/texlive/2020/texmf-dist/fonts/type1/public/lm/lmr6.pfb></usr/local
/texlive/2020/texmf-dist/fonts/type1/public/lm/lmr7.pfb></usr/local/texlive/202
0/texmf-dist/fonts/type1/public/lm/lmr8.pfb></usr/local/texlive/2020/texmf-dist
/fonts/type1/public/lm/lmri10.pfb></usr/local/texlive/2020/texmf-dist/fonts/typ
e1/public/lm/lmsy10.pfb></usr/local/texlive/2020/texmf-dist/fonts/type1/public/
lm/lmsy7.pfb></usr/local/texlive/2020/texmf-dist/fonts/type1/public/amsfonts/sy
mbols/msbm10.pfb>
Output written on thesis.pdf (34 pages, 13023058 bytes).
PDF statistics:
 1530 PDF objects out of 1728 (max. 8388607)
 799 compressed objects within 8 object streams
 203 named destinations out of 1000 (max. 500000)
 14673 words of extra memory for PDF output out of 17280 (max. 10000000)

