This is pdfTeX, Version 3.141592653-2.6-1.40.25 (TeX Live 2023) (preloaded format=pdflatex 2023.7.28)  13 OCT 2023 12:11
entering extended mode
 restricted \write18 enabled.
 %&-line parsing enabled.
**main.tex
(./main.tex
LaTeX2e <2022-11-01> patch level 1
L3 programming layer <2023-02-22>
(/usr/local/texlive/2023/texmf-dist/tex/latex/base/article.cls
Document Class: article 2022/07/02 v1.4n Standard LaTeX document class
(/usr/local/texlive/2023/texmf-dist/tex/latex/base/size10.clo
File: size10.clo 2022/07/02 v1.4n Standard LaTeX file (size option)
)
\c@part=\count185
\c@section=\count186
\c@subsection=\count187
\c@subsubsection=\count188
\c@paragraph=\count189
\c@subparagraph=\count190
\c@figure=\count191
\c@table=\count192
\abovecaptionskip=\skip48
\belowcaptionskip=\skip49
\bibindent=\dimen140
)
(/usr/local/texlive/2023/texmf-dist/tex/latex/graphics/graphicx.sty
Package: graphicx 2021/09/16 v1.2d Enhanced LaTeX Graphics (DPC,SPQR)

(/usr/local/texlive/2023/texmf-dist/tex/latex/graphics/keyval.sty
Package: keyval 2022/05/29 v1.15 key=value parser (DPC)
\KV@toks@=\toks16
)
(/usr/local/texlive/2023/texmf-dist/tex/latex/graphics/graphics.sty
Package: graphics 2022/03/10 v1.4e Standard LaTeX Graphics (DPC,SPQR)

(/usr/local/texlive/2023/texmf-dist/tex/latex/graphics/trig.sty
Package: trig 2021/08/11 v1.11 sin cos tan (DPC)
)
(/usr/local/texlive/2023/texmf-dist/tex/latex/graphics-cfg/graphics.cfg
File: graphics.cfg 2016/06/04 v1.11 sample graphics configuration
)
Package graphics Info: Driver file: pdftex.def on input line 107.

(/usr/local/texlive/2023/texmf-dist/tex/latex/graphics-def/pdftex.def
File: pdftex.def 2022/09/22 v1.2b Graphics/color driver for pdftex
))
\Gin@req@height=\dimen141
\Gin@req@width=\dimen142
)
(/usr/local/texlive/2023/texmf-dist/tex/latex/float/float.sty
Package: float 2001/11/08 v1.3d Float enhancements (AL)
\c@float@type=\count193
\float@exts=\toks17
\float@box=\box51
\@float@everytoks=\toks18
\@floatcapt=\box52
)
(/usr/local/texlive/2023/texmf-dist/tex/latex/blindtext/blindtext.sty
Package: blindtext 2012/01/06 V2.0 blindtext-Package

(/usr/local/texlive/2023/texmf-dist/tex/latex/tools/xspace.sty
Package: xspace 2014/10/28 v1.13 Space after command names (DPC,MH)
)
\c@blindtext=\count194
\c@Blindtext=\count195
\c@blind@countparstart=\count196
\blind@countxx=\count197
\blindtext@numBlindtext=\count198
\blind@countyy=\count199
\c@blindlist=\count266
\c@blindlistlevel=\count267
\c@blindlist@level=\count268
\blind@listitem=\count269
\c@blind@listcount=\count270
\c@blind@levelcount=\count271
\blind@mathformula=\count272
\blind@Mathformula=\count273
\c@blind@randomcount=\count274
\c@blind@randommax=\count275
\c@blind@pangramcount=\count276
\c@blind@pangrammax=\count277
)
(/usr/local/texlive/2023/texmf-dist/tex/latex/caption/caption.sty
Package: caption 2023/03/12 v3.6j Customizing captions (AR)

(/usr/local/texlive/2023/texmf-dist/tex/latex/caption/caption3.sty
Package: caption3 2023/03/12 v2.4 caption3 kernel (AR)
\caption@tempdima=\dimen143
\captionmargin=\dimen144
\caption@leftmargin=\dimen145
\caption@rightmargin=\dimen146
\caption@width=\dimen147
\caption@indent=\dimen148
\caption@parindent=\dimen149
\caption@hangindent=\dimen150
Package caption Info: Standard document class detected.
)
\c@caption@flags=\count278
\c@continuedfloat=\count279
Package caption Info: float package is loaded.
)
(/usr/local/texlive/2023/texmf-dist/tex/latex/caption/subcaption.sty
Package: subcaption 2023/02/19 v1.6 Sub-captions (AR)
Package caption Info: New subtype `subfigure' on input line 239.
\c@subfigure=\count280
Package caption Info: New subtype `subtable' on input line 239.
\c@subtable=\count281
)
(/usr/local/texlive/2023/texmf-dist/tex/latex/cleveref/cleveref.sty
Package: cleveref 2018/03/27 v0.21.4 Intelligent cross-referencing
Package cleveref Info: always capitalise cross-reference names on input line 78
30.
Package cleveref Info: always capitalise cross-reference names on input line 78
52.
)
(/usr/local/texlive/2023/texmf-dist/tex/latex/subfiles/subfiles.sty
Package: subfiles 2020/11/14 v2.2 Multi-file projects (package)

(/usr/local/texlive/2023/texmf-dist/tex/latex/import/import.sty
Package: import 2020/04/01  v 6.2
))
(/usr/local/texlive/2023/texmf-dist/tex/latex/l3backend/l3backend-pdftex.def
File: l3backend-pdftex.def 2023-01-16 L3 backend support: PDF output (pdfTeX)
\l__color_backend_stack_int=\count282
\l__pdf_internal_box=\box53
)
(./main.aux)
\openout1 = `main.aux'.

LaTeX Font Info:    Checking defaults for OML/cmm/m/it on input line 17.
LaTeX Font Info:    ... okay on input line 17.
LaTeX Font Info:    Checking defaults for OMS/cmsy/m/n on input line 17.
LaTeX Font Info:    ... okay on input line 17.
LaTeX Font Info:    Checking defaults for OT1/cmr/m/n on input line 17.
LaTeX Font Info:    ... okay on input line 17.
LaTeX Font Info:    Checking defaults for T1/cmr/m/n on input line 17.
LaTeX Font Info:    ... okay on input line 17.
LaTeX Font Info:    Checking defaults for TS1/cmr/m/n on input line 17.
LaTeX Font Info:    ... okay on input line 17.
LaTeX Font Info:    Checking defaults for OMX/cmex/m/n on input line 17.
LaTeX Font Info:    ... okay on input line 17.
LaTeX Font Info:    Checking defaults for U/cmr/m/n on input line 17.
LaTeX Font Info:    ... okay on input line 17.

(/usr/local/texlive/2023/texmf-dist/tex/context/base/mkii/supp-pdf.mkii
[Loading MPS to PDF converter (version 2006.09.02).]
\scratchcounter=\count283
\scratchdimen=\dimen151
\scratchbox=\box54
\nofMPsegments=\count284
\nofMParguments=\count285
\everyMPshowfont=\toks19
\MPscratchCnt=\count286
\MPscratchDim=\dimen152
\MPnumerator=\count287
\makeMPintoPDFobject=\count288
\everyMPtoPDFconversion=\toks20
) (/usr/local/texlive/2023/texmf-dist/tex/latex/epstopdf-pkg/epstopdf-base.sty
Package: epstopdf-base 2020-01-24 v2.11 Base part for package epstopdf
Package epstopdf-base Info: Redefining graphics rule for `.eps' on input line 4
85.

(/usr/local/texlive/2023/texmf-dist/tex/latex/latexconfig/epstopdf-sys.cfg
File: epstopdf-sys.cfg 2010/07/13 v1.3 Configuration of (r)epstopdf for TeX Liv
e
))
Package caption Info: Begin \AtBeginDocument code.
Package caption Info: End \AtBeginDocument code.
LaTeX Font Info:    External font `cmex10' loaded for size
(Font)              <12> on input line 19.
LaTeX Font Info:    External font `cmex10' loaded for size
(Font)              <8> on input line 19.
LaTeX Font Info:    External font `cmex10' loaded for size
(Font)              <6> on input line 19.

(./sections/Learning_metrics.tex
<../images/../images//analysis/hits_and_noholds_over_blocks.pdf, id=1, 1156.32p
t x 1156.32pt>
File: ../images/../images//analysis/hits_and_noholds_over_blocks.pdf Graphic fi
le (type pdf)
<use ../images/../images//analysis/hits_and_noholds_over_blocks.pdf>
Package pdftex.def Info: ../images/../images//analysis/hits_and_noholds_over_bl
ocks.pdf  used on input line 11.
(pdftex.def)             Requested size: 448.50105pt x 448.49283pt.
 [1

{/usr/local/texlive/2023/texmf-var/fonts/map/pdftex/updmap/pdftex.map}]
<../images/../images//analysis/reach_times_over_blocks.pdf, id=10, 1156.32pt x 
578.16pt>
File: ../images/../images//analysis/reach_times_over_blocks.pdf Graphic file (t
ype pdf)
<use ../images/../images//analysis/reach_times_over_blocks.pdf>
Package pdftex.def Info: ../images/../images//analysis/reach_times_over_blocks.
pdf  used on input line 20.
(pdftex.def)             Requested size: 448.50105pt x 224.24641pt.
 [2 <../images/../images//analysis/hits_and_noholds_over_blocks.pdf>]
<../images/../images//analysis/path_length_over_blocks.pdf, id=102, 1156.32pt x
 578.16pt>
File: ../images/../images//analysis/path_length_over_blocks.pdf Graphic file (t
ype pdf)
<use ../images/../images//analysis/path_length_over_blocks.pdf>
Package pdftex.def Info: ../images/../images//analysis/path_length_over_blocks.
pdf  used on input line 29.
(pdftex.def)             Requested size: 448.50105pt x 224.24641pt.
<../images/../images//analysis/example_path_segments.pdf, id=103, 867.24pt x 86
7.24pt>
File: ../images/../images//analysis/example_path_segments.pdf Graphic file (typ
e pdf)
<use ../images/../images//analysis/example_path_segments.pdf>
Package pdftex.def Info: ../images/../images//analysis/example_path_segments.pd
f  used on input line 38.
(pdftex.def)             Requested size: 345.0pt x 344.99754pt.
 [3 <../images/../images//analysis/reach_times_over_blocks.pdf> <../images/../i
mages//analysis/path_length_over_blocks.pdf>]
<../images/../images//analysis/segments_over_blocks.pdf, id=204, 1156.32pt x 57
8.16pt>
File: ../images/../images//analysis/segments_over_blocks.pdf Graphic file (type
 pdf)
<use ../images/../images//analysis/segments_over_blocks.pdf>
Package pdftex.def Info: ../images/../images//analysis/segments_over_blocks.pdf
  used on input line 47.
(pdftex.def)             Requested size: 448.50105pt x 224.24641pt.
 [4 <../images/../images//analysis/example_path_segments.pdf>]
<../images/../images//analysis/hits_learning_rates.pdf, id=263, 722.7pt x 722.7
pt>
File: ../images/../images//analysis/hits_learning_rates.pdf Graphic file (type 
pdf)
<use ../images/../images//analysis/hits_learning_rates.pdf>
Package pdftex.def Info: ../images/../images//analysis/hits_learning_rates.pdf 
 used on input line 67.
(pdftex.def)             Requested size: 172.5pt x 172.49214pt.
<../images/../images//analysis/reach_time_learning_rates.pdf, id=264, 722.7pt x
 722.7pt>
File: ../images/../images//analysis/reach_time_learning_rates.pdf Graphic file 
(type pdf)
<use ../images/../images//analysis/reach_time_learning_rates.pdf>
Package pdftex.def Info: ../images/../images//analysis/reach_time_learning_rate
s.pdf  used on input line 67.
(pdftex.def)             Requested size: 172.5pt x 172.49214pt.
<../images/../images//analysis/path_length_learning_rates.pdf, id=265, 722.7pt 
x 722.7pt>
File: ../images/../images//analysis/path_length_learning_rates.pdf Graphic file
 (type pdf)
<use ../images/../images//analysis/path_length_learning_rates.pdf>
Package pdftex.def Info: ../images/../images//analysis/path_length_learning_rat
es.pdf  used on input line 82.
(pdftex.def)             Requested size: 172.5pt x 172.49214pt.
<../images/../images//analysis/segment_learning_rates.pdf, id=266, 722.7pt x 72
2.7pt>
File: ../images/../images//analysis/segment_learning_rates.pdf Graphic file (ty
pe pdf)
<use ../images/../images//analysis/segment_learning_rates.pdf>
Package pdftex.def Info: ../images/../images//analysis/segment_learning_rates.p
df  used on input line 82.
(pdftex.def)             Requested size: 172.5pt x 172.49214pt.
 [5 <../images/../images//analysis/segments_over_blocks.pdf>]
<../images/../images//analysis/example_decoder.pdf, id=317, 1156.32pt x 578.16p
t>
File: ../images/../images//analysis/example_decoder.pdf Graphic file (type pdf)

<use ../images/../images//analysis/example_decoder.pdf>
Package pdftex.def Info: ../images/../images//analysis/example_decoder.pdf  use
d on input line 92.
(pdftex.def)             Requested size: 482.9979pt x 241.49342pt.
 [6 <../images/../images//analysis/hits_learning_rates.pdf> <../images/../image
s//analysis/reach_time_learning_rates.pdf> <../images/../images//analysis/path_
length_learning_rates.pdf> <../images/../images//analysis/segment_learning_rate
s.pdf>]
File: ../images/../images//analysis/example_decoder.pdf Graphic file (type pdf)

<use ../images/../images//analysis/example_decoder.pdf>
Package pdftex.def Info: ../images/../images//analysis/example_decoder.pdf  use
d on input line 101.
(pdftex.def)             Requested size: 482.9979pt x 241.49342pt.
<../images/../images//analysis/hit_count_decoder_cosine.pdf, id=470, 722.7pt x 
722.7pt>
File: ../images/../images//analysis/hit_count_decoder_cosine.pdf Graphic file (
type pdf)
<use ../images/../images//analysis/hit_count_decoder_cosine.pdf>
Package pdftex.def Info: ../images/../images//analysis/hit_count_decoder_cosine
.pdf  used on input line 110.
(pdftex.def)             Requested size: 258.75pt x 258.74925pt.
 [7 <../images/../images//analysis/example_decoder.pdf>]
<../images/../images//analysis/hit_lr_decoder_cosine.pdf, id=518, 722.7pt x 722
.7pt>
File: ../images/../images//analysis/hit_lr_decoder_cosine.pdf Graphic file (typ
e pdf)
<use ../images/../images//analysis/hit_lr_decoder_cosine.pdf>
Package pdftex.def Info: ../images/../images//analysis/hit_lr_decoder_cosine.pd
f  used on input line 130.
(pdftex.def)             Requested size: 241.49895pt x 241.50224pt.
<../images/../images//analysis/reach_time_lr_decoder_cosine.pdf, id=519, 722.7p
t x 722.7pt>
File: ../images/../images//analysis/reach_time_lr_decoder_cosine.pdf Graphic fi
le (type pdf)
<use ../images/../images//analysis/reach_time_lr_decoder_cosine.pdf>
Package pdftex.def Info: ../images/../images//analysis/reach_time_lr_decoder_co
sine.pdf  used on input line 130.
(pdftex.def)             Requested size: 241.49895pt x 241.50224pt.
<../images/../images//analysis/path_length_lr_decoder_cosine.pdf, id=520, 722.7
pt x 722.7pt>
File: ../images/../images//analysis/path_length_lr_decoder_cosine.pdf Graphic f
ile (type pdf)
<use ../images/../images//analysis/path_length_lr_decoder_cosine.pdf>
Package pdftex.def Info: ../images/../images//analysis/path_length_lr_decoder_c
osine.pdf  used on input line 145.
(pdftex.def)             Requested size: 241.49895pt x 241.50224pt.
<../images/../images//analysis/segment_lr_decoder_cosine.pdf, id=521, 722.7pt x
 722.7pt>
File: ../images/../images//analysis/segment_lr_decoder_cosine.pdf Graphic file 
(type pdf)
<use ../images/../images//analysis/segment_lr_decoder_cosine.pdf>
Package pdftex.def Info: ../images/../images//analysis/segment_lr_decoder_cosin
e.pdf  used on input line 145.
(pdftex.def)             Requested size: 241.49895pt x 241.50224pt.
 [8 <../images/../images//analysis/hit_count_decoder_cosine.pdf>])
(./sections/Reconstruct_emg.tex
<../images/../images//analysis/reconstructed_emg.pdf, id=570, 1445.4pt x 722.7p
t>
File: ../images/../images//analysis/reconstructed_emg.pdf Graphic file (type pd
f)
<use ../images/../images//analysis/reconstructed_emg.pdf>
Package pdftex.def Info: ../images/../images//analysis/reconstructed_emg.pdf  u
sed on input line 11.
(pdftex.def)             Requested size: 448.50105pt x 224.2442pt.
 [9 <../images/../images//analysis/hit_lr_decoder_cosine.pdf> <../images/../ima
ges//analysis/reach_time_lr_decoder_cosine.pdf> <../images/../images//analysis/
path_length_lr_decoder_cosine.pdf> <../images/../images//analysis/segment_lr_de
coder_cosine.pdf>]
<../images/../images//analysis/reconstructed_trajectory.pdf, id=764, 1084.05pt 
x 1084.05pt>
File: ../images/../images//analysis/reconstructed_trajectory.pdf Graphic file (
type pdf)
<use ../images/../images//analysis/reconstructed_trajectory.pdf>
Package pdftex.def Info: ../images/../images//analysis/reconstructed_trajectory
.pdf  used on input line 19.
(pdftex.def)             Requested size: 448.50105pt x 448.49945pt.
 [10 <../images/../images//analysis/reconstructed_emg.pdf>]) (./sections/Nullsp
ace_variability.tex
<../images/../images//analysis/ratio_vs_hits.pdf, id=799, 1806.75pt x 1084.05pt
>
File: ../images/../images//analysis/ratio_vs_hits.pdf Graphic file (type pdf)
<use ../images/../images//analysis/ratio_vs_hits.pdf>
Package pdftex.def Info: ../images/../images//analysis/ratio_vs_hits.pdf  used 
on input line 11.
(pdftex.def)             Requested size: 448.50105pt x 269.09305pt.
 [11 <../images/../images//analysis/reconstructed_trajectory.pdf>]
<../images/../images//analysis/ratio_grand_mean.pdf, id=825, 1084.05pt x 1084.0
5pt>
File: ../images/../images//analysis/ratio_grand_mean.pdf Graphic file (type pdf
)
<use ../images/../images//analysis/ratio_grand_mean.pdf>
Package pdftex.def Info: ../images/../images//analysis/ratio_grand_mean.pdf  us
ed on input line 19.
(pdftex.def)             Requested size: 448.50105pt x 448.49945pt.
 [12 <../images/../images//analysis/ratio_vs_hits.pdf>]
<../images/../images//analysis/ratio_over_trials.pdf, id=873, 1806.75pt x 1806.
75pt>
File: ../images/../images//analysis/ratio_over_trials.pdf Graphic file (type pd
f)
<use ../images/../images//analysis/ratio_over_trials.pdf>
Package pdftex.def Info: ../images/../images//analysis/ratio_over_trials.pdf  u
sed on input line 27.
(pdftex.def)             Requested size: 448.50105pt x 448.48842pt.
 [13 <../images/../images//analysis/ratio_grand_mean.pdf>]
<../images/../images//analysis/path_length_vs_ratio_linear.pdf, id=918, 1445.4p
t x 1084.05pt>
File: ../images/../images//analysis/path_length_vs_ratio_linear.pdf Graphic fil
e (type pdf)
<use ../images/../images//analysis/path_length_vs_ratio_linear.pdf>
Package pdftex.def Info: ../images/../images//analysis/path_length_vs_ratio_lin
ear.pdf  used on input line 35.
(pdftex.def)             Requested size: 448.50105pt x 336.36632pt.
 [14 <../images/../images//analysis/ratio_over_trials.pdf>]
<../images/../images//analysis/path_length_vs_ratio_log.pdf, id=960, 1445.4pt x
 1084.05pt>
File: ../images/../images//analysis/path_length_vs_ratio_log.pdf Graphic file (
type pdf)
<use ../images/../images//analysis/path_length_vs_ratio_log.pdf>
Package pdftex.def Info: ../images/../images//analysis/path_length_vs_ratio_log
.pdf  used on input line 43.
(pdftex.def)             Requested size: 448.50105pt x 336.36632pt.
 [15 <../images/../images//analysis/path_length_vs_ratio_linear.pdf>]
<../images/../images//analysis/ratio_over_blocks.pdf, id=1013, 1806.75pt x 1084
.05pt>
File: ../images/../images//analysis/ratio_over_blocks.pdf Graphic file (type pd
f)
<use ../images/../images//analysis/ratio_over_blocks.pdf>
Package pdftex.def Info: ../images/../images//analysis/ratio_over_blocks.pdf  u
sed on input line 51.
(pdftex.def)             Requested size: 448.50105pt x 269.09305pt.
 [16 <../images/../images//analysis/path_length_vs_ratio_log.pdf>]
<../images/../images//analysis/ratio_over_subjects.pdf, id=1067, 1806.75pt x 10
84.05pt>
File: ../images/../images//analysis/ratio_over_subjects.pdf Graphic file (type 
pdf)
<use ../images/../images//analysis/ratio_over_subjects.pdf>
Package pdftex.def Info: ../images/../images//analysis/ratio_over_subjects.pdf 
 used on input line 59.
(pdftex.def)             Requested size: 448.50105pt x 269.09305pt.
 [17 <../images/../images//analysis/ratio_over_blocks.pdf>]
<../images/../images//analysis/ratio_hit_vs_miss.pdf, id=1139, 1806.75pt x 1084
.05pt>
File: ../images/../images//analysis/ratio_hit_vs_miss.pdf Graphic file (type pd
f)
<use ../images/../images//analysis/ratio_hit_vs_miss.pdf>
Package pdftex.def Info: ../images/../images//analysis/ratio_hit_vs_miss.pdf  u
sed on input line 67.
(pdftex.def)             Requested size: 448.50105pt x 269.09305pt.
 [18 <../images/../images//analysis/ratio_over_subjects.pdf>]) (./sections/Per_
target_learning.tex
<../images/../images//analysis/example_decoder_arrows.pdf, id=1268, 1445.4pt x 
1445.4pt>
File: ../images/../images//analysis/example_decoder_arrows.pdf Graphic file (ty
pe pdf)
<use ../images/../images//analysis/example_decoder_arrows.pdf>
Package pdftex.def Info: ../images/../images//analysis/example_decoder_arrows.p
df  used on input line 11.
(pdftex.def)             Requested size: 448.50105pt x 448.48842pt.
 [19 <../images/../images//analysis/ratio_hit_vs_miss.pdf>]
<../images/../images//analysis/decoder_target_cosine.pdf, id=1305, 1445.4pt x 1
084.05pt>
File: ../images/../images//analysis/decoder_target_cosine.pdf Graphic file (typ
e pdf)
<use ../images/../images//analysis/decoder_target_cosine.pdf>
Package pdftex.def Info: ../images/../images//analysis/decoder_target_cosine.pd
f  used on input line 19.
(pdftex.def)             Requested size: 448.50105pt x 336.36632pt.
 [20 <../images/../images//analysis/example_decoder_arrows.pdf>]
<../images/../images//analysis/hits_over_targets.pdf, id=1314, 867.24pt x 867.2
4pt>
File: ../images/../images//analysis/hits_over_targets.pdf Graphic file (type pd
f)
<use ../images/../images//analysis/hits_over_targets.pdf>
Package pdftex.def Info: ../images/../images//analysis/hits_over_targets.pdf  u
sed on input line 27.
(pdftex.def)             Requested size: 448.50105pt x 448.50607pt.
 [21 <../images/../images//analysis/decoder_target_cosine.pdf>]

LaTeX Warning: File `analysis/decoder_target_cosine_vs_hits_subject_mean.pdf' n
ot found on input line 35.


! Package pdftex.def Error: File `analysis/decoder_target_cosine_vs_hits_subjec
t_mean.pdf' not found: using draft setting.

See the pdftex.def package documentation for explanation.
Type  H <return>  for immediate help.
 ...                                              
                                                  
l.35         }
              
? 
[22 <../images/../images//analysis/hits_over_targets.pdf>]

LaTeX Warning: File `analysis/decoder_target_cosine_vs_hits.pdf' not found on i
nput line 43.


! Package pdftex.def Error: File `analysis/decoder_target_cosine_vs_hits.pdf' n
ot found: using draft setting.

See the pdftex.def package documentation for explanation.
Type  H <return>  for immediate help.
 ...                                              
                                                  
l.43         }
              
? 
[23]) [24] (./main.bbl

LaTeX Warning: Empty `thebibliography' environment on input line 8.

) [25] (./main.aux)

LaTeX Warning: Label(s) may have changed. Rerun to get cross-references right.

 ) 
Here is how much of TeX's memory you used:
 5265 strings out of 476025
 114533 string characters out of 5790017
 1853388 words of memory out of 5000000
 25655 multiletter control sequences out of 15000+600000
 516701 words of font info for 47 fonts, out of 8000000 for 9000
 1141 hyphenation exceptions out of 8191
 57i,9n,63p,240b,579s stack positions out of 10000i,1000n,20000p,200000b,200000s
</usr/local/texlive/2023/texmf-dist/fonts/type1/public/amsfonts/cm/cmbx12.pfb
></usr/local/texlive/2023/texmf-dist/fonts/type1/public/amsfonts/cm/cmr10.pfb><
/usr/local/texlive/2023/texmf-dist/fonts/type1/public/amsfonts/cm/cmr12.pfb></u
sr/local/texlive/2023/texmf-dist/fonts/type1/public/amsfonts/cm/cmr17.pfb></usr
/local/texlive/2023/texmf-dist/fonts/type1/public/amsfonts/cm/cmr9.pfb></usr/lo
cal/texlive/2023/texmf-dist/fonts/type1/public/amsfonts/cm/cmtt10.pfb>
Output written on main.pdf (25 pages, 1293843 bytes).
PDF statistics:
 1466 PDF objects out of 1728 (max. 8388607)
 249 compressed objects within 3 object streams
 0 named destinations out of 1000 (max. 500000)
 141 words of extra memory for PDF output out of 10000 (max. 10000000)

